{"/Users/patr7104/Developer/arcgis-rest-js/packages/arcgis-rest-basemap-sessions/src/BaseSession.ts": {"path":"/Users/patr7104/Developer/arcgis-rest-js/packages/arcgis-rest-basemap-sessions/src/BaseSession.ts","statementMap":{"0":{"start":{"line":143,"column":2},"end":{"line":143,"column":null}},"1":{"start":{"line":167,"column":4},"end":{"line":167,"column":null}},"2":{"start":{"line":168,"column":4},"end":{"line":168,"column":null}},"3":{"start":{"line":169,"column":4},"end":{"line":169,"column":null}},"4":{"start":{"line":170,"column":4},"end":{"line":170,"column":null}},"5":{"start":{"line":171,"column":4},"end":{"line":171,"column":null}},"6":{"start":{"line":172,"column":4},"end":{"line":175,"column":null}},"7":{"start":{"line":176,"column":4},"end":{"line":179,"column":null}},"8":{"start":{"line":180,"column":4},"end":{"line":183,"column":null}},"9":{"start":{"line":184,"column":4},"end":{"line":184,"column":null}},"10":{"start":{"line":185,"column":4},"end":{"line":185,"column":null}},"11":{"start":{"line":186,"column":4},"end":{"line":186,"column":null}},"12":{"start":{"line":51,"column":2},"end":{"line":56,"column":null}},"13":{"start":{"line":74,"column":2},"end":{"line":87,"column":null}},"14":{"start":{"line":195,"column":4},"end":{"line":202,"column":null}},"15":{"start":{"line":196,"column":6},"end":{"line":201,"column":null}},"16":{"start":{"line":203,"column":4},"end":{"line":203,"column":null}},"17":{"start":{"line":211,"column":18},"end":{"line":216,"column":null}},"18":{"start":{"line":212,"column":6},"end":{"line":214,"column":null}},"19":{"start":{"line":215,"column":6},"end":{"line":215,"column":null}},"20":{"start":{"line":218,"column":4},"end":{"line":223,"column":null}},"21":{"start":{"line":219,"column":6},"end":{"line":222,"column":null}},"22":{"start":{"line":225,"column":4},"end":{"line":227,"column":null}},"23":{"start":{"line":226,"column":6},"end":{"line":226,"column":null}},"24":{"start":{"line":234,"column":4},"end":{"line":237,"column":null}},"25":{"start":{"line":235,"column":6},"end":{"line":235,"column":null}},"26":{"start":{"line":236,"column":6},"end":{"line":236,"column":null}},"27":{"start":{"line":263,"column":28},"end":{"line":268,"column":null}},"28":{"start":{"line":270,"column":27},"end":{"line":270,"column":null}},"29":{"start":{"line":272,"column":20},"end":{"line":282,"column":null}},"30":{"start":{"line":284,"column":4},"end":{"line":284,"column":null}},"31":{"start":{"line":293,"column":4},"end":{"line":303,"column":null}},"32":{"start":{"line":312,"column":4},"end":{"line":312,"column":null}},"33":{"start":{"line":326,"column":42},"end":{"line":326,"column":null}},"34":{"start":{"line":327,"column":27},"end":{"line":327,"column":null}},"35":{"start":{"line":329,"column":27},"end":{"line":329,"column":null}},"36":{"start":{"line":331,"column":20},"end":{"line":341,"column":null}},"37":{"start":{"line":343,"column":4},"end":{"line":343,"column":null}},"38":{"start":{"line":351,"column":4},"end":{"line":351,"column":null}},"39":{"start":{"line":360,"column":4},"end":{"line":365,"column":null}},"40":{"start":{"line":361,"column":6},"end":{"line":363,"column":null}},"41":{"start":{"line":364,"column":6},"end":{"line":364,"column":null}},"42":{"start":{"line":364,"column":50},"end":{"line":364,"column":60}},"43":{"start":{"line":367,"column":4},"end":{"line":367,"column":null}},"44":{"start":{"line":376,"column":4},"end":{"line":376,"column":null}},"45":{"start":{"line":386,"column":21},"end":{"line":391,"column":null}},"46":{"start":{"line":393,"column":23},"end":{"line":398,"column":null}},"47":{"start":{"line":400,"column":4},"end":{"line":400,"column":null}},"48":{"start":{"line":401,"column":4},"end":{"line":401,"column":null}},"49":{"start":{"line":402,"column":4},"end":{"line":402,"column":null}},"50":{"start":{"line":403,"column":4},"end":{"line":403,"column":null}},"51":{"start":{"line":405,"column":4},"end":{"line":413,"column":null}},"52":{"start":{"line":415,"column":4},"end":{"line":415,"column":null}},"53":{"start":{"line":430,"column":4},"end":{"line":430,"column":null}},"54":{"start":{"line":431,"column":4},"end":{"line":431,"column":null}},"55":{"start":{"line":446,"column":15},"end":{"line":449,"column":null}},"56":{"start":{"line":447,"column":6},"end":{"line":447,"column":null}},"57":{"start":{"line":448,"column":6},"end":{"line":448,"column":null}},"58":{"start":{"line":451,"column":4},"end":{"line":451,"column":null}},"59":{"start":{"line":466,"column":4},"end":{"line":466,"column":null}},"60":{"start":{"line":473,"column":5},"end":{"line":473,"column":null}},"61":{"start":{"line":476,"column":5},"end":{"line":476,"column":null}},"62":{"start":{"line":479,"column":5},"end":{"line":479,"column":null}},"63":{"start":{"line":482,"column":5},"end":{"line":482,"column":null}}},"fnMap":{"0":{"name":"(anonymous_0)","decl":{"start":{"line":166,"column":2},"end":{"line":166,"column":14}},"loc":{"start":{"line":166,"column":45},"end":{"line":187,"column":null}}},"1":{"name":"expired","decl":{"start":{"line":51,"column":37},"end":{"line":51,"column":45}},"loc":{"start":{"line":56,"column":11},"end":{"line":56,"column":null}}},"2":{"name":"refreshed","decl":{"start":{"line":74,"column":39},"end":{"line":74,"column":49}},"loc":{"start":{"line":87,"column":11},"end":{"line":87,"column":null}}},"3":{"name":"(anonymous_3)","decl":{"start":{"line":194,"column":2},"end":{"line":194,"column":21}},"loc":{"start":{"line":194,"column":21},"end":{"line":204,"column":null}}},"4":{"name":"(anonymous_4)","decl":{"start":{"line":210,"column":2},"end":{"line":210,"column":32}},"loc":{"start":{"line":210,"column":32},"end":{"line":228,"column":null}}},"5":{"name":"(anonymous_5)","decl":{"start":{"line":211,"column":18},"end":{"line":211,"column":24}},"loc":{"start":{"line":211,"column":24},"end":{"line":216,"column":null}}},"6":{"name":"(anonymous_6)","decl":{"start":{"line":225,"column":15},"end":{"line":225,"column":21}},"loc":{"start":{"line":225,"column":21},"end":{"line":227,"column":7}}},"7":{"name":"(anonymous_7)","decl":{"start":{"line":233,"column":2},"end":{"line":233,"column":31}},"loc":{"start":{"line":233,"column":31},"end":{"line":238,"column":null}}},"8":{"name":"(anonymous_8)","decl":{"start":{"line":247,"column":2},"end":{"line":247,"column":25}},"loc":{"start":{"line":262,"column":16},"end":{"line":285,"column":null}}},"9":{"name":"(anonymous_9)","decl":{"start":{"line":292,"column":2},"end":{"line":292,"column":34}},"loc":{"start":{"line":292,"column":34},"end":{"line":304,"column":null}}},"10":{"name":"(anonymous_10)","decl":{"start":{"line":311,"column":2},"end":{"line":311,"column":22}},"loc":{"start":{"line":311,"column":22},"end":{"line":313,"column":null}}},"11":{"name":"(anonymous_11)","decl":{"start":{"line":322,"column":2},"end":{"line":322,"column":19}},"loc":{"start":{"line":325,"column":4},"end":{"line":344,"column":null}}},"12":{"name":"(anonymous_12)","decl":{"start":{"line":350,"column":2},"end":{"line":350,"column":6}},"loc":{"start":{"line":350,"column":27},"end":{"line":352,"column":null}}},"13":{"name":"(anonymous_13)","decl":{"start":{"line":359,"column":2},"end":{"line":359,"column":30}},"loc":{"start":{"line":359,"column":30},"end":{"line":368,"column":null}}},"14":{"name":"(anonymous_14)","decl":{"start":{"line":364,"column":44},"end":{"line":364,"column":50}},"loc":{"start":{"line":364,"column":50},"end":{"line":364,"column":60}}},"15":{"name":"(anonymous_15)","decl":{"start":{"line":375,"column":2},"end":{"line":375,"column":6}},"loc":{"start":{"line":375,"column":28},"end":{"line":377,"column":null}}},"16":{"name":"(anonymous_16)","decl":{"start":{"line":385,"column":2},"end":{"line":385,"column":8}},"loc":{"start":{"line":385,"column":44},"end":{"line":416,"column":null}}},"17":{"name":"(anonymous_17)","decl":{"start":{"line":426,"column":2},"end":{"line":426,"column":null}},"loc":{"start":{"line":429,"column":4},"end":{"line":432,"column":null}}},"18":{"name":"(anonymous_18)","decl":{"start":{"line":442,"column":2},"end":{"line":442,"column":null}},"loc":{"start":{"line":445,"column":4},"end":{"line":452,"column":null}}},"19":{"name":"(anonymous_19)","decl":{"start":{"line":446,"column":15},"end":{"line":446,"column":16}},"loc":{"start":{"line":446,"column":27},"end":{"line":449,"column":null}}},"20":{"name":"(anonymous_20)","decl":{"start":{"line":462,"column":2},"end":{"line":462,"column":null}},"loc":{"start":{"line":465,"column":4},"end":{"line":467,"column":null}}},"21":{"name":"(anonymous_21)","decl":{"start":{"line":472,"column":10},"end":{"line":472,"column":19}},"loc":{"start":{"line":472,"column":34},"end":{"line":474,"column":null}}},"22":{"name":"(anonymous_22)","decl":{"start":{"line":475,"column":10},"end":{"line":475,"column":23}},"loc":{"start":{"line":475,"column":40},"end":{"line":477,"column":null}}},"23":{"name":"(anonymous_23)","decl":{"start":{"line":478,"column":10},"end":{"line":478,"column":21}},"loc":{"start":{"line":478,"column":36},"end":{"line":480,"column":null}}},"24":{"name":"(anonymous_24)","decl":{"start":{"line":481,"column":10},"end":{"line":481,"column":21}},"loc":{"start":{"line":481,"column":36},"end":{"line":483,"column":null}}}},"branchMap":{"0":{"loc":{"start":{"line":169,"column":23},"end":{"line":169,"column":null}},"type":"binary-expr","locations":[{"start":{"line":169,"column":23},"end":{"line":169,"column":45}},{"start":{"line":169,"column":45},"end":{"line":169,"column":null}}]},"1":{"loc":{"start":{"line":171,"column":20},"end":{"line":171,"column":null}},"type":"binary-expr","locations":[{"start":{"line":171,"column":20},"end":{"line":171,"column":39}},{"start":{"line":171,"column":39},"end":{"line":171,"column":null}}]},"2":{"loc":{"start":{"line":173,"column":6},"end":{"line":175,"column":null}},"type":"cond-expr","locations":[{"start":{"line":174,"column":10},"end":{"line":174,"column":null}},{"start":{"line":175,"column":10},"end":{"line":175,"column":null}}]},"3":{"loc":{"start":{"line":177,"column":6},"end":{"line":179,"column":null}},"type":"cond-expr","locations":[{"start":{"line":178,"column":10},"end":{"line":178,"column":null}},{"start":{"line":179,"column":10},"end":{"line":179,"column":null}}]},"4":{"loc":{"start":{"line":181,"column":6},"end":{"line":183,"column":null}},"type":"cond-expr","locations":[{"start":{"line":182,"column":10},"end":{"line":182,"column":null}},{"start":{"line":183,"column":10},"end":{"line":183,"column":null}}]},"5":{"loc":{"start":{"line":184,"column":23},"end":{"line":184,"column":null}},"type":"binary-expr","locations":[{"start":{"line":184,"column":23},"end":{"line":184,"column":46}},{"start":{"line":184,"column":46},"end":{"line":184,"column":null}}]},"6":{"loc":{"start":{"line":195,"column":4},"end":{"line":202,"column":null}},"type":"if","locations":[{"start":{"line":195,"column":4},"end":{"line":202,"column":null}},{"start":{},"end":{}}]},"7":{"loc":{"start":{"line":218,"column":4},"end":{"line":223,"column":null}},"type":"if","locations":[{"start":{"line":218,"column":4},"end":{"line":223,"column":null}},{"start":{},"end":{}}]},"8":{"loc":{"start":{"line":234,"column":4},"end":{"line":237,"column":null}},"type":"if","locations":[{"start":{"line":234,"column":4},"end":{"line":237,"column":null}},{"start":{},"end":{}}]},"9":{"loc":{"start":{"line":250,"column":6},"end":{"line":250,"column":null}},"type":"default-arg","locations":[{"start":{"line":250,"column":20},"end":{"line":250,"column":null}}]},"10":{"loc":{"start":{"line":252,"column":6},"end":{"line":252,"column":null}},"type":"default-arg","locations":[{"start":{"line":252,"column":21},"end":{"line":252,"column":null}}]},"11":{"loc":{"start":{"line":253,"column":6},"end":{"line":253,"column":null}},"type":"default-arg","locations":[{"start":{"line":253,"column":17},"end":{"line":253,"column":null}}]},"12":{"loc":{"start":{"line":270,"column":27},"end":{"line":270,"column":null}},"type":"binary-expr","locations":[{"start":{"line":270,"column":27},"end":{"line":270,"column":43}},{"start":{"line":270,"column":43},"end":{"line":270,"column":null}}]},"13":{"loc":{"start":{"line":329,"column":27},"end":{"line":329,"column":null}},"type":"binary-expr","locations":[{"start":{"line":329,"column":27},"end":{"line":329,"column":50}},{"start":{"line":329,"column":50},"end":{"line":329,"column":null}}]},"14":{"loc":{"start":{"line":340,"column":16},"end":{"line":340,"column":null}},"type":"binary-expr","locations":[{"start":{"line":340,"column":16},"end":{"line":340,"column":35}},{"start":{"line":340,"column":35},"end":{"line":340,"column":null}}]},"15":{"loc":{"start":{"line":360,"column":4},"end":{"line":365,"column":null}},"type":"if","locations":[{"start":{"line":360,"column":4},"end":{"line":365,"column":null}},{"start":{},"end":{}}]}},"s":{"0":1,"1":1,"2":1,"3":1,"4":1,"5":1,"6":1,"7":1,"8":1,"9":1,"10":1,"11":1,"12":1,"13":1,"14":0,"15":0,"16":0,"17":1,"18":0,"19":0,"20":1,"21":1,"22":1,"23":0,"24":0,"25":0,"26":0,"27":0,"28":0,"29":0,"30":0,"31":0,"32":0,"33":0,"34":0,"35":0,"36":0,"37":0,"38":0,"39":0,"40":0,"41":0,"42":0,"43":0,"44":0,"45":0,"46":0,"47":0,"48":0,"49":0,"50":0,"51":0,"52":0,"53":0,"54":0,"55":0,"56":0,"57":0,"58":0,"59":0,"60":0,"61":0,"62":0,"63":0},"f":{"0":1,"1":0,"2":0,"3":0,"4":1,"5":0,"6":0,"7":0,"8":0,"9":0,"10":0,"11":0,"12":0,"13":0,"14":0,"15":0,"16":0,"17":0,"18":0,"19":0,"20":0,"21":0,"22":0,"23":0,"24":0},"b":{"0":[1,0],"1":[1,1],"2":[0,1],"3":[0,1],"4":[0,1],"5":[1,1],"6":[0,0],"7":[1,0],"8":[0,0],"9":[0],"10":[0],"11":[0],"12":[0,0],"13":[0,0],"14":[0,0],"15":[0,0]}}
,"/Users/patr7104/Developer/arcgis-rest-js/packages/arcgis-rest-basemap-sessions/src/BasemapStyleSession.ts": {"path":"/Users/patr7104/Developer/arcgis-rest-js/packages/arcgis-rest-basemap-sessions/src/BasemapStyleSession.ts","statementMap":{"0":{"start":{"line":17,"column":4},"end":{"line":17,"column":null}},"1":{"start":{"line":24,"column":4},"end":{"line":32,"column":null}},"2":{"start":{"line":40,"column":4},"end":{"line":45,"column":null}}},"fnMap":{"0":{"name":"(anonymous_0)","decl":{"start":{"line":16,"column":2},"end":{"line":16,"column":14}},"loc":{"start":{"line":16,"column":45},"end":{"line":18,"column":null}}},"1":{"name":"(anonymous_1)","decl":{"start":{"line":23,"column":2},"end":{"line":23,"column":15}},"loc":{"start":{"line":23,"column":50},"end":{"line":33,"column":null}}},"2":{"name":"(anonymous_2)","decl":{"start":{"line":39,"column":2},"end":{"line":39,"column":9}},"loc":{"start":{"line":39,"column":55},"end":{"line":46,"column":null}}}},"branchMap":{},"s":{"0":1,"1":0,"2":0},"f":{"0":1,"1":0,"2":0},"b":{}}
,"/Users/patr7104/Developer/arcgis-rest-js/packages/arcgis-rest-basemap-sessions/src/StaticBasemapTilesSession.ts": {"path":"/Users/patr7104/Developer/arcgis-rest-js/packages/arcgis-rest-basemap-sessions/src/StaticBasemapTilesSession.ts","statementMap":{"0":{"start":{"line":21,"column":4},"end":{"line":21,"column":null}},"1":{"start":{"line":30,"column":4},"end":{"line":38,"column":null}},"2":{"start":{"line":48,"column":4},"end":{"line":51,"column":null}}},"fnMap":{"0":{"name":"(anonymous_0)","decl":{"start":{"line":20,"column":2},"end":{"line":20,"column":14}},"loc":{"start":{"line":20,"column":45},"end":{"line":22,"column":null}}},"1":{"name":"(anonymous_1)","decl":{"start":{"line":27,"column":2},"end":{"line":27,"column":15}},"loc":{"start":{"line":29,"column":40},"end":{"line":39,"column":null}}},"2":{"name":"(anonymous_2)","decl":{"start":{"line":45,"column":2},"end":{"line":45,"column":9}},"loc":{"start":{"line":47,"column":31},"end":{"line":52,"column":null}}}},"branchMap":{},"s":{"0":0,"1":0,"2":0},"f":{"0":0,"1":0,"2":0},"b":{}}
,"/Users/patr7104/Developer/arcgis-rest-js/packages/arcgis-rest-basemap-sessions/src/utils/defaults.ts": {"path":"/Users/patr7104/Developer/arcgis-rest-js/packages/arcgis-rest-basemap-sessions/src/utils/defaults.ts","statementMap":{"0":{"start":{"line":2,"column":2},"end":{"line":2,"column":null}},"1":{"start":{"line":5,"column":2},"end":{"line":5,"column":null}},"2":{"start":{"line":7,"column":37},"end":{"line":7,"column":null}},"3":{"start":{"line":9,"column":49},"end":{"line":9,"column":null}},"4":{"start":{"line":11,"column":32},"end":{"line":11,"column":null}}},"fnMap":{},"branchMap":{},"s":{"0":1,"1":1,"2":1,"3":1,"4":1},"f":{},"b":{}}
,"/Users/patr7104/Developer/arcgis-rest-js/packages/arcgis-rest-basemap-sessions/src/utils/deserializeAuthentication.ts": {"path":"/Users/patr7104/Developer/arcgis-rest-js/packages/arcgis-rest-basemap-sessions/src/utils/deserializeAuthentication.ts","statementMap":{"0":{"start":{"line":18,"column":2},"end":{"line":28,"column":null}},"1":{"start":{"line":19,"column":4},"end":{"line":19,"column":null}},"2":{"start":{"line":20,"column":2},"end":{"line":28,"column":null}},"3":{"start":{"line":21,"column":4},"end":{"line":21,"column":null}},"4":{"start":{"line":22,"column":2},"end":{"line":28,"column":null}},"5":{"start":{"line":23,"column":4},"end":{"line":25,"column":null}},"6":{"start":{"line":26,"column":2},"end":{"line":28,"column":null}},"7":{"start":{"line":27,"column":4},"end":{"line":27,"column":null}},"8":{"start":{"line":29,"column":2},"end":{"line":29,"column":null}}},"fnMap":{"0":{"name":"deserializeAuthentication","decl":{"start":{"line":15,"column":16},"end":{"line":15,"column":null}},"loc":{"start":{"line":17,"column":35},"end":{"line":30,"column":null}}}},"branchMap":{"0":{"loc":{"start":{"line":18,"column":2},"end":{"line":28,"column":null}},"type":"if","locations":[{"start":{"line":18,"column":2},"end":{"line":28,"column":null}},{"start":{"line":20,"column":2},"end":{"line":28,"column":null}}]},"1":{"loc":{"start":{"line":20,"column":2},"end":{"line":28,"column":null}},"type":"if","locations":[{"start":{"line":20,"column":2},"end":{"line":28,"column":null}},{"start":{"line":22,"column":2},"end":{"line":28,"column":null}}]},"2":{"loc":{"start":{"line":22,"column":2},"end":{"line":28,"column":null}},"type":"if","locations":[{"start":{"line":22,"column":2},"end":{"line":28,"column":null}},{"start":{"line":26,"column":2},"end":{"line":28,"column":null}}]},"3":{"loc":{"start":{"line":26,"column":2},"end":{"line":28,"column":null}},"type":"if","locations":[{"start":{"line":26,"column":2},"end":{"line":28,"column":null}},{"start":{},"end":{}}]}},"s":{"0":0,"1":0,"2":0,"3":0,"4":0,"5":0,"6":0,"7":0,"8":0},"f":{"0":0},"b":{"0":[0,0],"1":[0,0],"2":[0,0],"3":[0,0]}}
,"/Users/patr7104/Developer/arcgis-rest-js/packages/arcgis-rest-basemap-sessions/src/utils/startNewSession.ts": {"path":"/Users/patr7104/Developer/arcgis-rest-js/packages/arcgis-rest-basemap-sessions/src/utils/startNewSession.ts","statementMap":{"0":{"start":{"line":25,"column":2},"end":{"line":29,"column":null}}},"fnMap":{"0":{"name":"startNewSession","decl":{"start":{"line":19,"column":16},"end":{"line":19,"column":32}},"loc":{"start":{"line":24,"column":61},"end":{"line":30,"column":null}}}},"branchMap":{"0":{"loc":{"start":{"line":22,"column":2},"end":{"line":22,"column":null}},"type":"default-arg","locations":[{"start":{"line":22,"column":16},"end":{"line":22,"column":null}}]},"1":{"loc":{"start":{"line":23,"column":2},"end":{"line":23,"column":null}},"type":"default-arg","locations":[{"start":{"line":23,"column":13},"end":{"line":23,"column":null}}]}},"s":{"0":0},"f":{"0":0},"b":{"0":[0],"1":[0]}}
}
